\BOOKMARK [0][-]{dummy.1}{\376\377\000A\000b\000s\000t\000r\000a\000c\000t}{}% 1
\BOOKMARK [0][-]{dummy.2}{\376\377\000A\000g\000r\000e\000d\000e\000c\000i\000m\000i\000e\000n\000t\000o\000s}{}% 2
\BOOKMARK [0][-]{dummy.3}{\376\377\000C\000o\000n\000t\000e\000n\000i\000d\000o\000s}{}% 3
\BOOKMARK [0][-]{dummy.5}{\376\377\000L\000i\000s\000t\000a\000\040\000d\000e\000\040\000f\000i\000g\000u\000r\000a\000s}{}% 4
\BOOKMARK [0][-]{dummy.7}{\376\377\000L\000i\000s\000t\000a\000\040\000d\000e\000\040\000c\000u\000a\000d\000r\000o\000s}{}% 5
\BOOKMARK [0][-]{chapter.10}{\376\377\0001\000\040\000I\000n\000t\000r\000o\000d\000u\000c\000c\000i\000\363\000n}{}% 6
\BOOKMARK [1][-]{section.11}{\376\377\0001\000.\0001\000\040\000C\000e\000l\000d\000a\000s\000\040\000d\000e\000\040\000c\000o\000m\000b\000u\000s\000t\000i\000b\000l\000e}{chapter.10}% 7
\BOOKMARK [1][-]{section.12}{\376\377\0001\000.\0002\000\040\000S\000i\000s\000t\000e\000m\000a\000s\000\040\000d\000e\000\040\000g\000e\000n\000e\000r\000a\000c\000i\000\363\000n\000\040\000h\000\355\000b\000r\000i\000d\000o\000s}{chapter.10}% 8
\BOOKMARK [1][-]{section.14}{\376\377\0001\000.\0003\000\040\000E\000m\000u\000l\000a\000d\000o\000r\000\040\000d\000e\000\040\000p\000i\000l\000a\000\040\000d\000e\000\040\000c\000o\000m\000b\000u\000s\000t\000i\000b\000l\000e}{chapter.10}% 9
\BOOKMARK [0][-]{chapter.15}{\376\377\0002\000\040\000C\000e\000l\000d\000a\000s\000\040\000d\000e\000\040\000c\000o\000m\000b\000u\000s\000t\000i\000b\000l\000e}{}% 10
\BOOKMARK [1][-]{section.16}{\376\377\0002\000.\0001\000\040\000P\000r\000i\000n\000c\000i\000p\000i\000o\000s\000\040\000d\000e\000\040\000f\000u\000n\000c\000i\000o\000n\000a\000m\000i\000e\000n\000t\000o}{chapter.15}% 11
\BOOKMARK [1][-]{section.23}{\376\377\0002\000.\0002\000\040\000T\000i\000p\000o\000s\000\040\000d\000e\000\040\000c\000e\000l\000d\000a\000s\000\040\000d\000e\000\040\000c\000o\000m\000b\000u\000s\000t\000i\000b\000l\000e}{chapter.15}% 12
\BOOKMARK [1][-]{section.25}{\376\377\0002\000.\0003\000\040\000S\000i\000s\000t\000e\000m\000a\000s\000\040\000d\000e\000\040\000c\000e\000l\000d\000a\000s\000\040\000d\000e\000\040\000c\000o\000m\000b\000u\000s\000t\000i\000b\000l\000e}{chapter.15}% 13
\BOOKMARK [1][-]{section.27}{\376\377\0002\000.\0004\000\040\000C\000o\000n\000s\000i\000d\000e\000r\000a\000c\000i\000o\000n\000e\000s\000\040\000e\000n\000e\000r\000g\000\351\000t\000i\000c\000a\000s}{chapter.15}% 14
\BOOKMARK [1][-]{section.31}{\376\377\0002\000.\0005\000\040\000C\000o\000m\000e\000n\000t\000a\000r\000i\000o\000s}{chapter.15}% 15
\BOOKMARK [0][-]{chapter.32}{\376\377\0003\000\040\000M\000o\000d\000e\000l\000o\000\040\000d\000e\000l\000\040\000s\000i\000s\000t\000e\000m\000a\000\040\000d\000e\000\040\000c\000e\000l\000d\000a\000s\000\040\000d\000e\000\040\000c\000o\000m\000b\000u\000s\000t\000i\000b\000l\000e}{}% 16
\BOOKMARK [1][-]{section.33}{\376\377\0003\000.\0001\000\040\000C\000a\000r\000a\000c\000t\000e\000r\000\355\000s\000t\000i\000c\000a\000s\000\040\000e\000l\000\351\000c\000t\000r\000i\000c\000a\000s}{chapter.32}% 17
\BOOKMARK [2][-]{subsection.34}{\376\377\0003\000.\0001\000.\0001\000\040\000T\000e\000n\000s\000i\000\363\000n\000\040\000r\000e\000v\000e\000r\000s\000i\000b\000l\000e\000\040\000d\000e\000\040\000c\000i\000r\000c\000u\000i\000t\000o\000\040\000a\000b\000i\000e\000r\000t\000o}{section.33}% 18
\BOOKMARK [2][-]{subsection.36}{\376\377\0003\000.\0001\000.\0002\000\040\000P\000\351\000r\000d\000i\000d\000a\000s\000\040\000d\000e\000\040\000a\000c\000t\000i\000v\000a\000c\000i\000\363\000n}{section.33}% 19
\BOOKMARK [2][-]{subsection.37}{\376\377\0003\000.\0001\000.\0003\000\040\000P\000\351\000r\000d\000i\000d\000a\000s\000\040\000\323\000h\000m\000i\000c\000a\000s}{section.33}% 20
\BOOKMARK [2][-]{subsection.38}{\376\377\0003\000.\0001\000.\0004\000\040\000P\000\351\000r\000d\000i\000d\000a\000s\000\040\000p\000o\000r\000\040\000c\000o\000n\000c\000e\000n\000t\000r\000a\000c\000i\000\363\000n\000\040\000o\000\040\000t\000r\000a\000n\000s\000p\000o\000r\000t\000e\000\040\000d\000e\000\040\000m\000a\000s\000a}{section.33}% 21
\BOOKMARK [1][-]{section.39}{\376\377\0003\000.\0002\000\040\000M\000o\000d\000e\000l\000o\000s\000\040\000p\000r\000o\000p\000u\000e\000s\000t\000o\000s}{chapter.32}% 22
\BOOKMARK [2][-]{subsection.42}{\376\377\0003\000.\0002\000.\0001\000\040\000M\000o\000d\000e\000l\000o\000\040\000f\000i\000j\000o}{section.39}% 23
\BOOKMARK [2][-]{subsection.48}{\376\377\0003\000.\0002\000.\0002\000\040\000M\000o\000d\000e\000l\000o\000\040\000p\000a\000r\000a\000m\000\351\000t\000r\000i\000c\000o}{section.39}% 24
\BOOKMARK [1][-]{section.53}{\376\377\0003\000.\0003\000\040\000C\000o\000m\000e\000n\000t\000a\000r\000i\000o\000s}{chapter.32}% 25
\BOOKMARK [0][-]{chapter.54}{\376\377\0004\000\040\000C\000o\000n\000v\000e\000r\000t\000i\000d\000o\000r\000e\000s\000\040\000c\000o\000n\000m\000u\000t\000a\000d\000o\000s\000\040\000D\000C\000-\000D\000C}{}% 26
\BOOKMARK [1][-]{section.56}{\376\377\0004\000.\0001\000\040\000C\000o\000n\000v\000e\000r\000t\000i\000d\000o\000r\000\040\000e\000l\000e\000v\000a\000d\000o\000r}{chapter.54}% 27
\BOOKMARK [2][-]{subsection.58}{\376\377\0004\000.\0001\000.\0001\000\040\000O\000p\000e\000r\000a\000c\000i\000\363\000n\000\040\000e\000n\000\040\000e\000s\000t\000a\000d\000o\000\040\000e\000s\000t\000a\000c\000i\000o\000n\000a\000r\000i\000o}{section.56}% 28
\BOOKMARK [3][-]{subsubsection.59}{\376\377\0004\000.\0001\000.\0001\000.\0001\000\040\000M\000o\000d\000o\000\040\000d\000e\000\040\000c\000o\000n\000d\000u\000c\000c\000i\000\363\000n\000\040\000c\000o\000n\000t\000i\000n\000u\000a}{subsection.58}% 29
\BOOKMARK [3][-]{subsubsection.81}{\376\377\0004\000.\0001\000.\0001\000.\0002\000\040\000E\000x\000i\000g\000e\000n\000c\000i\000a\000s\000\040\000e\000l\000\351\000c\000t\000r\000i\000c\000a\000s\000\040\000e\000n\000\040\000e\000s\000t\000a\000d\000o\000\040\000e\000s\000t\000a\000c\000i\000o\000n\000a\000r\000i\000o\000\040\000p\000a\000r\000a\000\040\000M\000C\000C}{subsection.58}% 30
\BOOKMARK [3][-]{subsubsection.83}{\376\377\0004\000.\0001\000.\0001\000.\0003\000\040\000M\000o\000d\000o\000\040\000d\000e\000\040\000c\000o\000n\000d\000u\000c\000c\000i\000\363\000n\000\040\000d\000i\000s\000c\000o\000n\000t\000i\000n\000u\000a}{subsection.58}% 31
\BOOKMARK [2][-]{subsection.94}{\376\377\0004\000.\0001\000.\0002\000\040\000M\000o\000d\000e\000l\000o\000\040\000d\000i\000n\000\341\000m\000i\000c\000o}{section.56}% 32
\BOOKMARK [1][-]{section.97}{\376\377\0004\000.\0002\000\040\000C\000o\000n\000v\000e\000r\000t\000i\000d\000o\000r\000\040\000r\000e\000d\000u\000c\000t\000o\000r}{chapter.54}% 33
\BOOKMARK [2][-]{subsection.99}{\376\377\0004\000.\0002\000.\0001\000\040\000O\000p\000e\000r\000a\000c\000i\000\363\000n\000\040\000e\000n\000\040\000e\000s\000t\000a\000d\000o\000\040\000e\000s\000t\000a\000c\000i\000o\000n\000a\000r\000i\000o}{section.97}% 34
\BOOKMARK [3][-]{subsubsection.100}{\376\377\0004\000.\0002\000.\0001\000.\0001\000\040\000M\000o\000d\000o\000\040\000d\000e\000\040\000c\000o\000n\000d\000u\000c\000c\000i\000\363\000n\000\040\000c\000o\000n\000t\000i\000n\000u\000a}{subsection.99}% 35
\BOOKMARK [3][-]{subsubsection.115}{\376\377\0004\000.\0002\000.\0001\000.\0002\000\040\000E\000x\000i\000g\000e\000n\000c\000i\000a\000s\000\040\000e\000l\000\351\000c\000t\000r\000i\000c\000a\000s\000\040\000e\000n\000\040\000e\000s\000t\000a\000d\000o\000\040\000e\000s\000t\000a\000c\000i\000o\000n\000a\000r\000i\000o\000\040\000p\000a\000r\000a\000\040\000M\000C\000C}{subsection.99}% 36
\BOOKMARK [3][-]{subsubsection.117}{\376\377\0004\000.\0002\000.\0001\000.\0003\000\040\000M\000o\000d\000o\000\040\000d\000e\000\040\000c\000o\000n\000d\000u\000c\000c\000i\000\363\000n\000\040\000d\000i\000s\000c\000o\000n\000t\000i\000n\000u\000a}{subsection.99}% 37
\BOOKMARK [2][-]{subsection.128}{\376\377\0004\000.\0002\000.\0002\000\040\000M\000o\000d\000e\000l\000o\000\040\000d\000i\000n\000\341\000m\000i\000c\000o}{section.97}% 38
\BOOKMARK [1][-]{section.132}{\376\377\0004\000.\0003\000\040\000D\000e\000t\000a\000l\000l\000e\000s\000\040\000t\000\351\000c\000n\000i\000c\000o\000s\000\040\000d\000e\000\040\000l\000o\000s\000\040\000c\000o\000n\000v\000e\000r\000t\000i\000d\000o\000r\000e\000s\000\040\000u\000t\000i\000l\000i\000z\000a\000d\000o\000s}{chapter.54}% 39
\BOOKMARK [2][-]{subsection.134}{\376\377\0004\000.\0003\000.\0001\000\040\000C\000o\000n\000v\000e\000r\000t\000i\000d\000o\000r\000\040\000e\000l\000e\000v\000a\000d\000o\000r}{section.132}% 40
\BOOKMARK [2][-]{subsection.139}{\376\377\0004\000.\0003\000.\0002\000\040\000C\000o\000n\000v\000e\000r\000t\000i\000d\000o\000r\000\040\000r\000e\000d\000u\000c\000t\000o\000r}{section.132}% 41
\BOOKMARK [1][-]{section.144}{\376\377\0004\000.\0004\000\040\000C\000o\000m\000e\000n\000t\000a\000r\000i\000o\000s}{chapter.54}% 42
\BOOKMARK [0][-]{chapter.145}{\376\377\0005\000\040\000C\000o\000n\000t\000r\000o\000l\000\040\000y\000\040\000s\000i\000m\000u\000l\000a\000c\000i\000o\000n\000e\000s}{}% 43
\BOOKMARK [1][-]{section.146}{\376\377\0005\000.\0001\000\040\000I\000n\000t\000r\000o\000d\000u\000c\000c\000i\000\363\000n}{chapter.145}% 44
\BOOKMARK [1][-]{section.147}{\376\377\0005\000.\0002\000\040\000C\000o\000n\000t\000r\000o\000l\000a\000d\000o\000r\000e\000s}{chapter.145}% 45
\BOOKMARK [1][-]{section.150}{\376\377\0005\000.\0003\000\040\000M\000o\000d\000e\000l\000o\000s\000\040\000p\000r\000o\000m\000e\000d\000i\000a\000d\000o\000s\000\040\000d\000e\000\040\000l\000o\000s\000\040\000c\000o\000n\000v\000e\000r\000t\000i\000d\000o\000r\000e\000s}{chapter.145}% 46
\BOOKMARK [2][-]{subsection.165}{\376\377\0005\000.\0003\000.\0001\000\040\000C\000o\000n\000v\000e\000r\000t\000i\000d\000o\000r\000\040\000E\000l\000e\000v\000a\000d\000o\000r}{section.150}% 47
\BOOKMARK [2][-]{subsection.167}{\376\377\0005\000.\0003\000.\0002\000\040\000C\000o\000n\000v\000e\000r\000t\000i\000d\000o\000r\000\040\000R\000e\000d\000u\000c\000t\000o\000r}{section.150}% 48
\BOOKMARK [1][-]{section.169}{\376\377\0005\000.\0004\000\040\000A\000r\000q\000u\000i\000t\000e\000c\000t\000u\000r\000a\000\040\000d\000e\000\040\000c\000o\000n\000t\000r\000o\000l}{chapter.145}% 49
\BOOKMARK [2][-]{subsection.173}{\376\377\0005\000.\0004\000.\0001\000\040\000S\000i\000n\000t\000o\000n\000\355\000a\000\040\000d\000e\000\040\000c\000o\000n\000t\000r\000o\000l\000a\000d\000o\000r\000e\000s\000\040\000p\000a\000r\000a\000\040\000e\000l\000e\000v\000a\000d\000o\000r}{section.169}% 50
\BOOKMARK [2][-]{subsection.177}{\376\377\0005\000.\0004\000.\0002\000\040\000S\000i\000n\000t\000o\000n\000\355\000a\000\040\000d\000e\000\040\000c\000o\000n\000t\000r\000o\000l\000a\000d\000o\000r\000\040\000p\000a\000r\000a\000\040\000r\000e\000d\000u\000c\000t\000o\000r}{section.169}% 51
\BOOKMARK [1][-]{section.181}{\376\377\0005\000.\0005\000\040\000M\000o\000d\000e\000l\000o\000s\000\040\000y\000\040\000s\000i\000m\000u\000l\000a\000c\000i\000o\000n\000e\000s}{chapter.145}% 52
\BOOKMARK [2][-]{subsection.182}{\376\377\0005\000.\0005\000.\0001\000\040\000C\000o\000n\000v\000e\000r\000t\000i\000d\000o\000r\000\040\000e\000l\000e\000v\000a\000d\000o\000r}{section.181}% 53
\BOOKMARK [2][-]{subsection.185}{\376\377\0005\000.\0005\000.\0002\000\040\000C\000o\000n\000v\000e\000r\000t\000i\000d\000o\000r\000\040\000r\000e\000d\000u\000c\000t\000o\000r}{section.181}% 54
\BOOKMARK [2][-]{subsection.188}{\376\377\0005\000.\0005\000.\0003\000\040\000S\000i\000m\000u\000l\000a\000c\000i\000\363\000n\000\040\000d\000e\000\040\000l\000a\000\040\000o\000p\000e\000r\000a\000c\000i\000\363\000n\000\040\000c\000o\000n\000j\000u\000n\000t\000a\000\040\000d\000e\000\040\000c\000o\000n\000v\000e\000r\000t\000i\000d\000o\000r\000e\000s}{section.181}% 55
\BOOKMARK [1][-]{section.192}{\376\377\0005\000.\0006\000\040\000S\000o\000p\000o\000r\000t\000e\000\040\000d\000e\000\040\000h\000a\000r\000d\000w\000a\000r\000e}{chapter.145}% 56
\BOOKMARK [2][-]{subsection.193}{\376\377\0005\000.\0006\000.\0001\000\040\000C\000o\000m\000e\000n\000t\000a\000r\000i\000o\000s}{section.192}% 57
\BOOKMARK [0][-]{chapter.194}{\376\377\0006\000\040\000M\000o\000d\000e\000l\000o\000\040\000d\000e\000l\000\040\000E\000m\000u\000l\000a\000d\000o\000r}{}% 58
\BOOKMARK [1][-]{section.195}{\376\377\0006\000.\0001\000\040\000M\000o\000d\000e\000l\000o\000\040\000d\000e\000\040\000c\000o\000n\000t\000r\000o\000l}{chapter.194}% 59
\BOOKMARK [2][-]{subsection.197}{\376\377\0006\000.\0001\000.\0001\000\040\000F\000i\000l\000t\000r\000o\000\040\000d\000e\000\040\000c\000o\000r\000r\000i\000e\000n\000t\000e}{section.195}% 60
\BOOKMARK [1][-]{section.204}{\376\377\0006\000.\0002\000\040\000S\000i\000m\000u\000l\000a\000c\000i\000o\000n\000e\000s}{chapter.194}% 61
\BOOKMARK [2][-]{subsection.205}{\376\377\0006\000.\0002\000.\0001\000\040\000M\000o\000d\000e\000l\000o\000\040\000F\000i\000j\000o}{section.204}% 62
\BOOKMARK [2][-]{subsection.209}{\376\377\0006\000.\0002\000.\0002\000\040\000M\000o\000d\000e\000l\000o\000\040\000p\000a\000r\000a\000m\000\351\000t\000r\000i\000c\000o}{section.204}% 63
\BOOKMARK [2][-]{subsection.214}{\376\377\0006\000.\0002\000.\0003\000\040\000O\000p\000e\000r\000a\000c\000i\000\363\000n\000\040\000c\000o\000n\000j\000u\000n\000t\000a\000\040\000d\000e\000l\000\040\000e\000m\000u\000l\000a\000d\000o\000r\000\040\000y\000\040\000l\000a\000\040\000e\000t\000a\000p\000a\000\040\000d\000e\000\040\000p\000o\000t\000e\000n\000c\000i\000a}{section.204}% 64
\BOOKMARK [2][-]{subsection.218}{\376\377\0006\000.\0002\000.\0004\000\040\000C\000o\000m\000e\000n\000t\000a\000r\000i\000o\000s}{section.204}% 65
